mkdir: cannot create directory ‘/mnt/ceph/users/larssorl/tmp/particleflow’: File exists
mkdir: cannot create directory ‘experiments’: File exists
WARNING:tensorflow:From /mnt/ceph/users/larssorl/tmp/particleflow/mlpf/tfmodel/utils.py:414: choose_from_datasets_v2 (from tensorflow.python.data.experimental.ops.interleave_ops) is deprecated and will be removed in a future version.
Instructions for updating:
Use `tf.data.Dataset.choose_from_datasets(...)` instead. Note that, unlike the experimental endpoint, the non-experimental endpoint sets `stop_on_empty_dataset=True` by default. You should set this argument explicitly in case you would like to match the behavior of the experimental endpoint.
WARNING:tensorflow:From /mnt/ceph/users/larssorl/tmp/particleflow/mlpf/tfmodel/utils.py:414: choose_from_datasets_v2 (from tensorflow.python.data.experimental.ops.interleave_ops) is deprecated and will be removed in a future version.
Instructions for updating:
Use `tf.data.Dataset.choose_from_datasets(...)` instead. Note that, unlike the experimental endpoint, the non-experimental endpoint sets `stop_on_empty_dataset=True` by default. You should set this argument explicitly in case you would like to match the behavior of the experimental endpoint.
WARNING:tensorflow:From /mnt/ceph/users/larssorl/tmp/particleflow/mlpf/tfmodel/utils.py:414: choose_from_datasets_v2 (from tensorflow.python.data.experimental.ops.interleave_ops) is deprecated and will be removed in a future version.
Instructions for updating:
Use `tf.data.Dataset.choose_from_datasets(...)` instead. Note that, unlike the experimental endpoint, the non-experimental endpoint sets `stop_on_empty_dataset=True` by default. You should set this argument explicitly in case you would like to match the behavior of the experimental endpoint.
WARNING:tensorflow:From /mnt/ceph/users/larssorl/tmp/particleflow/mlpf/tfmodel/utils.py:414: choose_from_datasets_v2 (from tensorflow.python.data.experimental.ops.interleave_ops) is deprecated and will be removed in a future version.
Instructions for updating:
Use `tf.data.Dataset.choose_from_datasets(...)` instead. Note that, unlike the experimental endpoint, the non-experimental endpoint sets `stop_on_empty_dataset=True` by default. You should set this argument explicitly in case you would like to match the behavior of the experimental endpoint.
WARNING:tensorflow:From /mnt/ceph/users/larssorl/tmp/particleflow/mlpf/tfmodel/utils.py:414: choose_from_datasets_v2 (from tensorflow.python.data.experimental.ops.interleave_ops) is deprecated and will be removed in a future version.
Instructions for updating:
Use `tf.data.Dataset.choose_from_datasets(...)` instead. Note that, unlike the experimental endpoint, the non-experimental endpoint sets `stop_on_empty_dataset=True` by default. You should set this argument explicitly in case you would like to match the behavior of the experimental endpoint.
WARNING:tensorflow:From /mnt/ceph/users/larssorl/tmp/particleflow/mlpf/tfmodel/utils.py:414: choose_from_datasets_v2 (from tensorflow.python.data.experimental.ops.interleave_ops) is deprecated and will be removed in a future version.
Instructions for updating:
Use `tf.data.Dataset.choose_from_datasets(...)` instead. Note that, unlike the experimental endpoint, the non-experimental endpoint sets `stop_on_empty_dataset=True` by default. You should set this argument explicitly in case you would like to match the behavior of the experimental endpoint.
WARNING:tensorflow:From /mnt/ceph/users/larssorl/tmp/particleflow/mlpf/tfmodel/utils.py:414: choose_from_datasets_v2 (from tensorflow.python.data.experimental.ops.interleave_ops) is deprecated and will be removed in a future version.
Instructions for updating:
Use `tf.data.Dataset.choose_from_datasets(...)` instead. Note that, unlike the experimental endpoint, the non-experimental endpoint sets `stop_on_empty_dataset=True` by default. You should set this argument explicitly in case you would like to match the behavior of the experimental endpoint.
WARNING:tensorflow:From /mnt/ceph/users/larssorl/tmp/particleflow/mlpf/tfmodel/utils.py:414: choose_from_datasets_v2 (from tensorflow.python.data.experimental.ops.interleave_ops) is deprecated and will be removed in a future version.
Instructions for updating:
Use `tf.data.Dataset.choose_from_datasets(...)` instead. Note that, unlike the experimental endpoint, the non-experimental endpoint sets `stop_on_empty_dataset=True` by default. You should set this argument explicitly in case you would like to match the behavior of the experimental endpoint.
WARNING:tensorflow:From /mnt/ceph/users/larssorl/tmp/particleflow/mlpf/tfmodel/utils.py:414: choose_from_datasets_v2 (from tensorflow.python.data.experimental.ops.interleave_ops) is deprecated and will be removed in a future version.
Instructions for updating:
Use `tf.data.Dataset.choose_from_datasets(...)` instead. Note that, unlike the experimental endpoint, the non-experimental endpoint sets `stop_on_empty_dataset=True` by default. You should set this argument explicitly in case you would like to match the behavior of the experimental endpoint.
WARNING:tensorflow:From /mnt/ceph/users/larssorl/tmp/particleflow/mlpf/tfmodel/utils.py:414: choose_from_datasets_v2 (from tensorflow.python.data.experimental.ops.interleave_ops) is deprecated and will be removed in a future version.
Instructions for updating:
Use `tf.data.Dataset.choose_from_datasets(...)` instead. Note that, unlike the experimental endpoint, the non-experimental endpoint sets `stop_on_empty_dataset=True` by default. You should set this argument explicitly in case you would like to match the behavior of the experimental endpoint.
WARNING:tensorflow:From /mnt/ceph/users/larssorl/tmp/particleflow/mlpf/tfmodel/utils.py:414: choose_from_datasets_v2 (from tensorflow.python.data.experimental.ops.interleave_ops) is deprecated and will be removed in a future version.
Instructions for updating:
Use `tf.data.Dataset.choose_from_datasets(...)` instead. Note that, unlike the experimental endpoint, the non-experimental endpoint sets `stop_on_empty_dataset=True` by default. You should set this argument explicitly in case you would like to match the behavior of the experimental endpoint.
WARNING:tensorflow:From /mnt/ceph/users/larssorl/tmp/particleflow/mlpf/tfmodel/utils.py:414: choose_from_datasets_v2 (from tensorflow.python.data.experimental.ops.interleave_ops) is deprecated and will be removed in a future version.
Instructions for updating:
Use `tf.data.Dataset.choose_from_datasets(...)` instead. Note that, unlike the experimental endpoint, the non-experimental endpoint sets `stop_on_empty_dataset=True` by default. You should set this argument explicitly in case you would like to match the behavior of the experimental endpoint.
WARNING:tensorflow:From /mnt/ceph/users/larssorl/tmp/particleflow/mlpf/tfmodel/utils.py:414: choose_from_datasets_v2 (from tensorflow.python.data.experimental.ops.interleave_ops) is deprecated and will be removed in a future version.
Instructions for updating:
Use `tf.data.Dataset.choose_from_datasets(...)` instead. Note that, unlike the experimental endpoint, the non-experimental endpoint sets `stop_on_empty_dataset=True` by default. You should set this argument explicitly in case you would like to match the behavior of the experimental endpoint.
WARNING:tensorflow:From /mnt/ceph/users/larssorl/tmp/particleflow/mlpf/tfmodel/utils.py:414: choose_from_datasets_v2 (from tensorflow.python.data.experimental.ops.interleave_ops) is deprecated and will be removed in a future version.
Instructions for updating:
Use `tf.data.Dataset.choose_from_datasets(...)` instead. Note that, unlike the experimental endpoint, the non-experimental endpoint sets `stop_on_empty_dataset=True` by default. You should set this argument explicitly in case you would like to match the behavior of the experimental endpoint.
WARNING:tensorflow:From /mnt/ceph/users/larssorl/tmp/particleflow/mlpf/tfmodel/utils.py:414: choose_from_datasets_v2 (from tensorflow.python.data.experimental.ops.interleave_ops) is deprecated and will be removed in a future version.
Instructions for updating:
Use `tf.data.Dataset.choose_from_datasets(...)` instead. Note that, unlike the experimental endpoint, the non-experimental endpoint sets `stop_on_empty_dataset=True` by default. You should set this argument explicitly in case you would like to match the behavior of the experimental endpoint.
WARNING:tensorflow:From /mnt/ceph/users/larssorl/tmp/particleflow/mlpf/tfmodel/utils.py:414: choose_from_datasets_v2 (from tensorflow.python.data.experimental.ops.interleave_ops) is deprecated and will be removed in a future version.
Instructions for updating:
Use `tf.data.Dataset.choose_from_datasets(...)` instead. Note that, unlike the experimental endpoint, the non-experimental endpoint sets `stop_on_empty_dataset=True` by default. You should set this argument explicitly in case you would like to match the behavior of the experimental endpoint.
WARNING:tensorflow:From /mnt/ceph/users/larssorl/tmp/particleflow/mlpf/tfmodel/utils.py:414: choose_from_datasets_v2 (from tensorflow.python.data.experimental.ops.interleave_ops) is deprecated and will be removed in a future version.
Instructions for updating:
Use `tf.data.Dataset.choose_from_datasets(...)` instead. Note that, unlike the experimental endpoint, the non-experimental endpoint sets `stop_on_empty_dataset=True` by default. You should set this argument explicitly in case you would like to match the behavior of the experimental endpoint.
WARNING:tensorflow:From /mnt/ceph/users/larssorl/tmp/particleflow/mlpf/tfmodel/utils.py:414: choose_from_datasets_v2 (from tensorflow.python.data.experimental.ops.interleave_ops) is deprecated and will be removed in a future version.
Instructions for updating:
Use `tf.data.Dataset.choose_from_datasets(...)` instead. Note that, unlike the experimental endpoint, the non-experimental endpoint sets `stop_on_empty_dataset=True` by default. You should set this argument explicitly in case you would like to match the behavior of the experimental endpoint.
WARNING:tensorflow:From /mnt/ceph/users/larssorl/tmp/particleflow/mlpf/tfmodel/utils.py:414: choose_from_datasets_v2 (from tensorflow.python.data.experimental.ops.interleave_ops) is deprecated and will be removed in a future version.
Instructions for updating:
Use `tf.data.Dataset.choose_from_datasets(...)` instead. Note that, unlike the experimental endpoint, the non-experimental endpoint sets `stop_on_empty_dataset=True` by default. You should set this argument explicitly in case you would like to match the behavior of the experimental endpoint.
WARNING:tensorflow:From /mnt/ceph/users/larssorl/tmp/particleflow/mlpf/tfmodel/utils.py:414: choose_from_datasets_v2 (from tensorflow.python.data.experimental.ops.interleave_ops) is deprecated and will be removed in a future version.
Instructions for updating:
Use `tf.data.Dataset.choose_from_datasets(...)` instead. Note that, unlike the experimental endpoint, the non-experimental endpoint sets `stop_on_empty_dataset=True` by default. You should set this argument explicitly in case you would like to match the behavior of the experimental endpoint.
WARNING:tensorflow:From /mnt/ceph/users/larssorl/tmp/particleflow/mlpf/tfmodel/utils.py:414: choose_from_datasets_v2 (from tensorflow.python.data.experimental.ops.interleave_ops) is deprecated and will be removed in a future version.
Instructions for updating:
Use `tf.data.Dataset.choose_from_datasets(...)` instead. Note that, unlike the experimental endpoint, the non-experimental endpoint sets `stop_on_empty_dataset=True` by default. You should set this argument explicitly in case you would like to match the behavior of the experimental endpoint.
WARNING:tensorflow:From /mnt/ceph/users/larssorl/tmp/particleflow/mlpf/tfmodel/utils.py:414: choose_from_datasets_v2 (from tensorflow.python.data.experimental.ops.interleave_ops) is deprecated and will be removed in a future version.
Instructions for updating:
Use `tf.data.Dataset.choose_from_datasets(...)` instead. Note that, unlike the experimental endpoint, the non-experimental endpoint sets `stop_on_empty_dataset=True` by default. You should set this argument explicitly in case you would like to match the behavior of the experimental endpoint.
WARNING:tensorflow:From /mnt/ceph/users/larssorl/tmp/particleflow/mlpf/tfmodel/utils.py:414: choose_from_datasets_v2 (from tensorflow.python.data.experimental.ops.interleave_ops) is deprecated and will be removed in a future version.
Instructions for updating:
Use `tf.data.Dataset.choose_from_datasets(...)` instead. Note that, unlike the experimental endpoint, the non-experimental endpoint sets `stop_on_empty_dataset=True` by default. You should set this argument explicitly in case you would like to match the behavior of the experimental endpoint.
WARNING:tensorflow:From /mnt/ceph/users/larssorl/tmp/particleflow/mlpf/tfmodel/utils.py:414: choose_from_datasets_v2 (from tensorflow.python.data.experimental.ops.interleave_ops) is deprecated and will be removed in a future version.
Instructions for updating:
Use `tf.data.Dataset.choose_from_datasets(...)` instead. Note that, unlike the experimental endpoint, the non-experimental endpoint sets `stop_on_empty_dataset=True` by default. You should set this argument explicitly in case you would like to match the behavior of the experimental endpoint.
WARNING:tensorflow:From /mnt/ceph/users/larssorl/tmp/particleflow/mlpf/tfmodel/utils.py:414: choose_from_datasets_v2 (from tensorflow.python.data.experimental.ops.interleave_ops) is deprecated and will be removed in a future version.
Instructions for updating:
Use `tf.data.Dataset.choose_from_datasets(...)` instead. Note that, unlike the experimental endpoint, the non-experimental endpoint sets `stop_on_empty_dataset=True` by default. You should set this argument explicitly in case you would like to match the behavior of the experimental endpoint.
WARNING:tensorflow:From /mnt/ceph/users/larssorl/tmp/particleflow/mlpf/tfmodel/utils.py:414: choose_from_datasets_v2 (from tensorflow.python.data.experimental.ops.interleave_ops) is deprecated and will be removed in a future version.
Instructions for updating:
Use `tf.data.Dataset.choose_from_datasets(...)` instead. Note that, unlike the experimental endpoint, the non-experimental endpoint sets `stop_on_empty_dataset=True` by default. You should set this argument explicitly in case you would like to match the behavior of the experimental endpoint.
WARNING:tensorflow:From /mnt/ceph/users/larssorl/tmp/particleflow/mlpf/tfmodel/utils.py:414: choose_from_datasets_v2 (from tensorflow.python.data.experimental.ops.interleave_ops) is deprecated and will be removed in a future version.
Instructions for updating:
Use `tf.data.Dataset.choose_from_datasets(...)` instead. Note that, unlike the experimental endpoint, the non-experimental endpoint sets `stop_on_empty_dataset=True` by default. You should set this argument explicitly in case you would like to match the behavior of the experimental endpoint.
WARNING:tensorflow:From /mnt/ceph/users/larssorl/tmp/particleflow/mlpf/tfmodel/utils.py:414: choose_from_datasets_v2 (from tensorflow.python.data.experimental.ops.interleave_ops) is deprecated and will be removed in a future version.
Instructions for updating:
Use `tf.data.Dataset.choose_from_datasets(...)` instead. Note that, unlike the experimental endpoint, the non-experimental endpoint sets `stop_on_empty_dataset=True` by default. You should set this argument explicitly in case you would like to match the behavior of the experimental endpoint.
WARNING:tensorflow:From /mnt/ceph/users/larssorl/tmp/particleflow/mlpf/tfmodel/utils.py:414: choose_from_datasets_v2 (from tensorflow.python.data.experimental.ops.interleave_ops) is deprecated and will be removed in a future version.
Instructions for updating:
Use `tf.data.Dataset.choose_from_datasets(...)` instead. Note that, unlike the experimental endpoint, the non-experimental endpoint sets `stop_on_empty_dataset=True` by default. You should set this argument explicitly in case you would like to match the behavior of the experimental endpoint.
WARNING:tensorflow:From /mnt/ceph/users/larssorl/tmp/particleflow/mlpf/tfmodel/utils.py:414: choose_from_datasets_v2 (from tensorflow.python.data.experimental.ops.interleave_ops) is deprecated and will be removed in a future version.
Instructions for updating:
Use `tf.data.Dataset.choose_from_datasets(...)` instead. Note that, unlike the experimental endpoint, the non-experimental endpoint sets `stop_on_empty_dataset=True` by default. You should set this argument explicitly in case you would like to match the behavior of the experimental endpoint.
WARNING:tensorflow:From /mnt/ceph/users/larssorl/tmp/particleflow/mlpf/tfmodel/utils.py:414: choose_from_datasets_v2 (from tensorflow.python.data.experimental.ops.interleave_ops) is deprecated and will be removed in a future version.
Instructions for updating:
Use `tf.data.Dataset.choose_from_datasets(...)` instead. Note that, unlike the experimental endpoint, the non-experimental endpoint sets `stop_on_empty_dataset=True` by default. You should set this argument explicitly in case you would like to match the behavior of the experimental endpoint.
WARNING:tensorflow:From /mnt/ceph/users/larssorl/tmp/particleflow/mlpf/tfmodel/utils.py:414: choose_from_datasets_v2 (from tensorflow.python.data.experimental.ops.interleave_ops) is deprecated and will be removed in a future version.
Instructions for updating:
Use `tf.data.Dataset.choose_from_datasets(...)` instead. Note that, unlike the experimental endpoint, the non-experimental endpoint sets `stop_on_empty_dataset=True` by default. You should set this argument explicitly in case you would like to match the behavior of the experimental endpoint.
libibverbs: Warning: couldn't load driver 'libvmw_pvrdma-rdmav22.so': libvmw_pvrdma-rdmav22.so: cannot open shared object file: No such file or directory
libibverbs: Warning: couldn't load driver 'librxe-rdmav22.so': librxe-rdmav22.so: cannot open shared object file: No such file or directory
libibverbs: Warning: couldn't load driver 'libqedr-rdmav22.so': libqedr-rdmav22.so: cannot open shared object file: No such file or directory
libibverbs: Warning: couldn't load driver 'libocrdma-rdmav22.so': libocrdma-rdmav22.so: cannot open shared object file: No such file or directory
libibverbs: Warning: couldn't load driver 'libnes-rdmav22.so': libnes-rdmav22.so: cannot open shared object file: No such file or directory
libibverbs: Warning: couldn't load driver 'libmthca-rdmav22.so': libmthca-rdmav22.so: cannot open shared object file: No such file or directory
libibverbs: Warning: couldn't load driver 'libmlx5-rdmav22.so': libmlx5-rdmav22.so: cannot open shared object file: No such file or directory
libibverbs: Warning: couldn't load driver 'libmlx4-rdmav22.so': libmlx4-rdmav22.so: cannot open shared object file: No such file or directory
libibverbs: Warning: couldn't load driver 'libipathverbs-rdmav22.so': libipathverbs-rdmav22.so: cannot open shared object file: No such file or directory
libibverbs: Warning: couldn't load driver 'libi40iw-rdmav22.so': libi40iw-rdmav22.so: cannot open shared object file: No such file or directory
libibverbs: Warning: couldn't load driver 'libhns-rdmav22.so': libhns-rdmav22.so: cannot open shared object file: No such file or directory
libibverbs: Warning: couldn't load driver 'libhfi1verbs-rdmav22.so': libhfi1verbs-rdmav22.so: cannot open shared object file: No such file or directory
libibverbs: Warning: couldn't load driver 'libcxgb4-rdmav22.so': libcxgb4-rdmav22.so: cannot open shared object file: No such file or directory
libibverbs: Warning: couldn't load driver 'libcxgb3-rdmav22.so': libcxgb3-rdmav22.so: cannot open shared object file: No such file or directory
libibverbs: Warning: couldn't load driver 'libbnxt_re-rdmav22.so': libbnxt_re-rdmav22.so: cannot open shared object file: No such file or directory
libibverbs: Warning: couldn't load driver 'libvmw_pvrdma-rdmav22.so': libvmw_pvrdma-rdmav22.so: cannot open shared object file: No such file or directory
libibverbs: Warning: couldn't load driver 'libvmw_pvrdma-rdmav22.so': libvmw_pvrdma-rdmav22.so: cannot open shared object file: No such file or directory
libibverbs: Warning: couldn't load driver 'librxe-rdmav22.so': librxe-rdmav22.so: cannot open shared object file: No such file or directory
libibverbs: Warning: couldn't load driver 'libqedr-rdmav22.so': libqedr-rdmav22.so: cannot open shared object file: No such file or directory
libibverbs: Warning: couldn't load driver 'libocrdma-rdmav22.so': libocrdma-rdmav22.so: cannot open shared object file: No such file or directory
libibverbs: Warning: couldn't load driver 'librxe-rdmav22.so': librxe-rdmav22.so: cannot open shared object file: No such file or directory
libibverbs: Warning: couldn't load driver 'libnes-rdmav22.so': libnes-rdmav22.so: cannot open shared object file: No such file or directory
libibverbs: Warning: couldn't load driver 'libvmw_pvrdma-rdmav22.so': libvmw_pvrdma-rdmav22.so: cannot open shared object file: No such file or directory
libibverbs: Warning: couldn't load driver 'libvmw_pvrdma-rdmav22.so': libvmw_pvrdma-rdmav22.so: cannot open shared object file: No such file or directory
libibverbs: Warning: couldn't load driver 'libmthca-rdmav22.so': libmthca-rdmav22.so: cannot open shared object file: No such file or directory
libibverbs: Warning: couldn't load driver 'libqedr-rdmav22.so': libqedr-rdmav22.so: cannot open shared object file: No such file or directory
libibverbs: Warning: couldn't load driver 'libvmw_pvrdma-rdmav22.so': libvmw_pvrdma-rdmav22.so: cannot open shared object file: No such file or directory
libibverbs: Warning: couldn't load driver 'libocrdma-rdmav22.so': libocrdma-rdmav22.so: cannot open shared object file: No such file or directory
libibverbs: Warning: couldn't load driver 'libmlx5-rdmav22.so': libmlx5-rdmav22.so: cannot open shared object file: No such file or directory
libibverbs: Warning: couldn't load driver 'libmlx4-rdmav22.so': libmlx4-rdmav22.so: cannot open shared object file: No such file or directory
libibverbs: Warning: couldn't load driver 'librxe-rdmav22.so': librxe-rdmav22.so: cannot open shared object file: No such file or directory
libibverbs: Warning: couldn't load driver 'libvmw_pvrdma-rdmav22.so': libvmw_pvrdma-rdmav22.so: cannot open shared object file: No such file or directory
libibverbs: Warning: couldn't load driver 'librxe-rdmav22.so': librxe-rdmav22.so: cannot open shared object file: No such file or directory
libibverbs: Warning: couldn't load driver 'libqedr-rdmav22.so': libqedr-rdmav22.so: cannot open shared object file: No such file or directory
libibverbs: Warning: couldn't load driver 'libocrdma-rdmav22.so': libocrdma-rdmav22.so: cannot open shared object file: No such file or directory
libibverbs: Warning: couldn't load driver 'libnes-rdmav22.so': libnes-rdmav22.so: cannot open shared object file: No such file or directory
libibverbs: Warning: couldn't load driver 'libipathverbs-rdmav22.so': libipathverbs-rdmav22.so: cannot open shared object file: No such file or directory
libibverbs: Warning: couldn't load driver 'libvmw_pvrdma-rdmav22.so': libvmw_pvrdma-rdmav22.so: cannot open shared object file: No such file or directory
libibverbs: Warning: couldn't load driver 'librxe-rdmav22.so': librxe-rdmav22.so: cannot open shared object file: No such file or directory
libibverbs: Warning: couldn't load driver 'libnes-rdmav22.so': libnes-rdmav22.so: cannot open shared object file: No such file or directory
libibverbs: Warning: couldn't load driver 'libmthca-rdmav22.so': libmthca-rdmav22.so: cannot open shared object file: No such file or directory
libibverbs: Warning: couldn't load driver 'libmthca-rdmav22.so': libmthca-rdmav22.so: cannot open shared object file: No such file or directory
libibverbs: Warning: couldn't load driver 'libi40iw-rdmav22.so': libi40iw-rdmav22.so: cannot open shared object file: No such file or directory
libibverbs: Warning: couldn't load driver 'libhns-rdmav22.so': libhns-rdmav22.so: cannot open shared object file: No such file or directory
libibverbs: Warning: couldn't load driver 'libvmw_pvrdma-rdmav22.so': libvmw_pvrdma-rdmav22.so: cannot open shared object file: No such file or directory
libibverbs: Warning: couldn't load driver 'libqedr-rdmav22.so': libqedr-rdmav22.so: cannot open shared object file: No such file or directory
libibverbs: Warning: couldn't load driver 'libmlx5-rdmav22.so': libmlx5-rdmav22.so: cannot open shared object file: No such file or directory
libibverbs: Warning: couldn't load driver 'libmlx4-rdmav22.so': libmlx4-rdmav22.so: cannot open shared object file: No such file or directory
libibverbs: Warning: couldn't load driver 'libhfi1verbs-rdmav22.so': libhfi1verbs-rdmav22.so: cannot open shared object file: No such file or directory
libibverbs: Warning: couldn't load driver 'libcxgb4-rdmav22.so': libcxgb4-rdmav22.so: cannot open shared object file: No such file or directory
libibverbs: Warning: couldn't load driver 'libmlx5-rdmav22.so': libmlx5-rdmav22.so: cannot open shared object file: No such file or directory
libibverbs: Warning: couldn't load driver 'libmlx4-rdmav22.so': libmlx4-rdmav22.so: cannot open shared object file: No such file or directory
libibverbs: Warning: couldn't load driver 'librxe-rdmav22.so': librxe-rdmav22.so: cannot open shared object file: No such file or directory
libibverbs: Warning: couldn't load driver 'libqedr-rdmav22.so': libqedr-rdmav22.so: cannot open shared object file: No such file or directory
libibverbs: Warning: couldn't load driver 'libcxgb3-rdmav22.so': libcxgb3-rdmav22.so: cannot open shared object file: No such file or directory
libibverbs: Warning: couldn't load driver 'libbnxt_re-rdmav22.so': libbnxt_re-rdmav22.so: cannot open shared object file: No such file or directory
libibverbs: Warning: couldn't load driver 'libipathverbs-rdmav22.so': libipathverbs-rdmav22.so: cannot open shared object file: No such file or directory
libibverbs: Warning: couldn't load driver 'libipathverbs-rdmav22.so': libipathverbs-rdmav22.so: cannot open shared object file: No such file or directory
libibverbs: Warning: couldn't load driver 'libi40iw-rdmav22.so': libi40iw-rdmav22.so: cannot open shared object file: No such file or directory
libibverbs: Warning: couldn't load driver 'libhns-rdmav22.so': libhns-rdmav22.so: cannot open shared object file: No such file or directory
libibverbs: Warning: couldn't load driver 'librxe-rdmav22.so': librxe-rdmav22.so: cannot open shared object file: No such file or directory
libibverbs: Warning: couldn't load driver 'libocrdma-rdmav22.so': libocrdma-rdmav22.so: cannot open shared object file: No such file or directory
libibverbs: Warning: couldn't load driver 'libi40iw-rdmav22.so': libi40iw-rdmav22.so: cannot open shared object file: No such file or directory
libibverbs: Warning: couldn't load driver 'libhns-rdmav22.so': libhns-rdmav22.so: cannot open shared object file: No such file or directory
libibverbs: Warning: couldn't load driver 'libhfi1verbs-rdmav22.so': libhfi1verbs-rdmav22.so: cannot open shared object file: No such file or directory
libibverbs: Warning: couldn't load driver 'libcxgb4-rdmav22.so': libcxgb4-rdmav22.so: cannot open shared object file: No such file or directory
libibverbs: Warning: couldn't load driver 'librxe-rdmav22.so': librxe-rdmav22.so: cannot open shared object file: No such file or directory
libibverbs: Warning: couldn't load driver 'libocrdma-rdmav22.so': libocrdma-rdmav22.so: cannot open shared object file: No such file or directory
libibverbs: Warning: couldn't load driver 'libhfi1verbs-rdmav22.so': libhfi1verbs-rdmav22.so: cannot open shared object file: No such file or directory
libibverbs: Warning: couldn't load driver 'libcxgb3-rdmav22.so': libcxgb3-rdmav22.so: cannot open shared object file: No such file or directory
libibverbs: Warning: couldn't load driver 'libbnxt_re-rdmav22.so': libbnxt_re-rdmav22.so: cannot open shared object file: No such file or directory
libibverbs: Warning: couldn't load driver 'libqedr-rdmav22.so': libqedr-rdmav22.so: cannot open shared object file: No such file or directory
libibverbs: Warning: couldn't load driver 'libnes-rdmav22.so': libnes-rdmav22.so: cannot open shared object file: No such file or directory
libibverbs: Warning: couldn't load driver 'libcxgb4-rdmav22.so': libcxgb4-rdmav22.so: cannot open shared object file: No such file or directory
libibverbs: Warning: couldn't load driver 'libqedr-rdmav22.so': libqedr-rdmav22.so: cannot open shared object file: No such file or directory
libibverbs: Warning: couldn't load driver 'libnes-rdmav22.so': libnes-rdmav22.so: cannot open shared object file: No such file or directory
libibverbs: Warning: couldn't load driver 'libcxgb3-rdmav22.so': libcxgb3-rdmav22.so: cannot open shared object file: No such file or directory
libibverbs: Warning: couldn't load driver 'libbnxt_re-rdmav22.so': libbnxt_re-rdmav22.so: cannot open shared object file: No such file or directory
libibverbs: Warning: couldn't load driver 'libqedr-rdmav22.so': libqedr-rdmav22.so: cannot open shared object file: No such file or directory
libibverbs: Warning: couldn't load driver 'libmthca-rdmav22.so': libmthca-rdmav22.so: cannot open shared object file: No such file or directory
libibverbs: Warning: couldn't load driver 'libocrdma-rdmav22.so': libocrdma-rdmav22.so: cannot open shared object file: No such file or directory
libibverbs: Warning: couldn't load driver 'libmthca-rdmav22.so': libmthca-rdmav22.so: cannot open shared object file: No such file or directory
libibverbs: Warning: couldn't load driver 'libocrdma-rdmav22.so': libocrdma-rdmav22.so: cannot open shared object file: No such file or directory
libibverbs: Warning: couldn't load driver 'libocrdma-rdmav22.so': libocrdma-rdmav22.so: cannot open shared object file: No such file or directory
libibverbs: Warning: couldn't load driver 'libmlx5-rdmav22.so': libmlx5-rdmav22.so: cannot open shared object file: No such file or directory
libibverbs: Warning: couldn't load driver 'libvmw_pvrdma-rdmav22.so': libvmw_pvrdma-rdmav22.so: cannot open shared object file: No such file or directory
libibverbs: Warning: couldn't load driver 'libmlx5-rdmav22.so': libmlx5-rdmav22.so: cannot open shared object file: No such file or directory
libibverbs: Warning: couldn't load driver 'libnes-rdmav22.so': libnes-rdmav22.so: cannot open shared object file: No such file or directory
libibverbs: Warning: couldn't load driver 'libnes-rdmav22.so': libnes-rdmav22.so: cannot open shared object file: No such file or directory
libibverbs: Warning: couldn't load driver 'libmlx4-rdmav22.so': libmlx4-rdmav22.so: cannot open shared object file: No such file or directory
libibverbs: Warning: couldn't load driver 'librxe-rdmav22.so': librxe-rdmav22.so: cannot open shared object file: No such file or directory
libibverbs: Warning: couldn't load driver 'libmlx4-rdmav22.so': libmlx4-rdmav22.so: cannot open shared object file: No such file or directory
libibverbs: Warning: couldn't load driver 'libnes-rdmav22.so': libnes-rdmav22.so: cannot open shared object file: No such file or directory
libibverbs: Warning: couldn't load driver 'libipathverbs-rdmav22.so': libipathverbs-rdmav22.so: cannot open shared object file: No such file or directory
libibverbs: Warning: couldn't load driver 'libmthca-rdmav22.so': libmthca-rdmav22.so: cannot open shared object file: No such file or directory
libibverbs: Warning: couldn't load driver 'libipathverbs-rdmav22.so': libipathverbs-rdmav22.so: cannot open shared object file: No such file or directory
libibverbs: Warning: couldn't load driver 'libqedr-rdmav22.so': libqedr-rdmav22.so: cannot open shared object file: No such file or directory
libibverbs: Warning: couldn't load driver 'libi40iw-rdmav22.so': libi40iw-rdmav22.so: cannot open shared object file: No such file or directory
libibverbs: Warning: couldn't load driver 'libmthca-rdmav22.so': libmthca-rdmav22.so: cannot open shared object file: No such file or directory
libibverbs: Warning: couldn't load driver 'libi40iw-rdmav22.so': libi40iw-rdmav22.so: cannot open shared object file: No such file or directory
libibverbs: Warning: couldn't load driver 'libmthca-rdmav22.so': libmthca-rdmav22.so: cannot open shared object file: No such file or directory
libibverbs: Warning: couldn't load driver 'libhns-rdmav22.so': libhns-rdmav22.so: cannot open shared object file: No such file or directory
libibverbs: Warning: couldn't load driver 'libocrdma-rdmav22.so': libocrdma-rdmav22.so: cannot open shared object file: No such file or directory
libibverbs: Warning: couldn't load driver 'libhfi1verbs-rdmav22.so': libhfi1verbs-rdmav22.so: cannot open shared object file: No such file or directory
libibverbs: Warning: couldn't load driver 'libmlx5-rdmav22.so': libmlx5-rdmav22.so: cannot open shared object file: No such file or directory
libibverbs: Warning: couldn't load driver 'libcxgb4-rdmav22.so': libcxgb4-rdmav22.so: cannot open shared object file: No such file or directory
libibverbs: Warning: couldn't load driver 'libmlx5-rdmav22.so': libmlx5-rdmav22.so: cannot open shared object file: No such file or directory
libibverbs: Warning: couldn't load driver 'libcxgb3-rdmav22.so': libcxgb3-rdmav22.so: cannot open shared object file: No such file or directory
libibverbs: Warning: couldn't load driver 'libmlx5-rdmav22.so': libmlx5-rdmav22.so: cannot open shared object file: No such file or directory
libibverbs: Warning: couldn't load driver 'libhns-rdmav22.so': libhns-rdmav22.so: cannot open shared object file: No such file or directory
libibverbs: Warning: couldn't load driver 'libnes-rdmav22.so': libnes-rdmav22.so: cannot open shared object file: No such file or directory
libibverbs: Warning: couldn't load driver 'libmlx4-rdmav22.so': libmlx4-rdmav22.so: cannot open shared object file: No such file or directory
libibverbs: Warning: couldn't load driver 'libbnxt_re-rdmav22.so': libbnxt_re-rdmav22.so: cannot open shared object file: No such file or directory
libibverbs: Warning: couldn't load driver 'libmlx4-rdmav22.so': libmlx4-rdmav22.so: cannot open shared object file: No such file or directory
libibverbs: Warning: couldn't load driver 'libmlx4-rdmav22.so': libmlx4-rdmav22.so: cannot open shared object file: No such file or directory
libibverbs: Warning: couldn't load driver 'libvmw_pvrdma-rdmav22.so': libvmw_pvrdma-rdmav22.so: cannot open shared object file: No such file or directory
libibverbs: Warning: couldn't load driver 'libipathverbs-rdmav22.so': libipathverbs-rdmav22.so: cannot open shared object file: No such file or directory
libibverbs: Warning: couldn't load driver 'libhfi1verbs-rdmav22.so': libhfi1verbs-rdmav22.so: cannot open shared object file: No such file or directory
libibverbs: Warning: couldn't load driver 'libipathverbs-rdmav22.so': libipathverbs-rdmav22.so: cannot open shared object file: No such file or directory
libibverbs: Warning: couldn't load driver 'librxe-rdmav22.so': librxe-rdmav22.so: cannot open shared object file: No such file or directory
libibverbs: Warning: couldn't load driver 'libmthca-rdmav22.so': libmthca-rdmav22.so: cannot open shared object file: No such file or directory
libibverbs: Warning: couldn't load driver 'libcxgb4-rdmav22.so': libcxgb4-rdmav22.so: cannot open shared object file: No such file or directory
libibverbs: Warning: couldn't load driver 'libipathverbs-rdmav22.so': libipathverbs-rdmav22.so: cannot open shared object file: No such file or directory
libibverbs: Warning: couldn't load driver 'libqedr-rdmav22.so': libqedr-rdmav22.so: cannot open shared object file: No such file or directory
libibverbs: Warning: couldn't load driver 'libi40iw-rdmav22.so': libi40iw-rdmav22.so: cannot open shared object file: No such file or directory
libibverbs: Warning: couldn't load driver 'libcxgb3-rdmav22.so': libcxgb3-rdmav22.so: cannot open shared object file: No such file or directory
libibverbs: Warning: couldn't load driver 'libmlx5-rdmav22.so': libmlx5-rdmav22.so: cannot open shared object file: No such file or directory
libibverbs: Warning: couldn't load driver 'libocrdma-rdmav22.so': libocrdma-rdmav22.so: cannot open shared object file: No such file or directory
libibverbs: Warning: couldn't load driver 'libi40iw-rdmav22.so': libi40iw-rdmav22.so: cannot open shared object file: No such file or directory
libibverbs: Warning: couldn't load driver 'libbnxt_re-rdmav22.so': libbnxt_re-rdmav22.so: cannot open shared object file: No such file or directory
libibverbs: Warning: couldn't load driver 'libi40iw-rdmav22.so': libi40iw-rdmav22.so: cannot open shared object file: No such file or directory
libibverbs: Warning: couldn't load driver 'libmlx4-rdmav22.so': libmlx4-rdmav22.so: cannot open shared object file: No such file or directory
libibverbs: Warning: couldn't load driver 'libnes-rdmav22.so': libnes-rdmav22.so: cannot open shared object file: No such file or directory
libibverbs: Warning: couldn't load driver 'libhns-rdmav22.so': libhns-rdmav22.so: cannot open shared object file: No such file or directory
libibverbs: Warning: couldn't load driver 'libhns-rdmav22.so': libhns-rdmav22.so: cannot open shared object file: No such file or directory
libibverbs: Warning: couldn't load driver 'libmthca-rdmav22.so': libmthca-rdmav22.so: cannot open shared object file: No such file or directory
libibverbs: Warning: couldn't load driver 'libipathverbs-rdmav22.so': libipathverbs-rdmav22.so: cannot open shared object file: No such file or directory
libibverbs: Warning: couldn't load driver 'libmlx5-rdmav22.so': libmlx5-rdmav22.so: cannot open shared object file: No such file or directory
libibverbs: Warning: couldn't load driver 'libhns-rdmav22.so': libhns-rdmav22.so: cannot open shared object file: No such file or directory
libibverbs: Warning: couldn't load driver 'libmlx4-rdmav22.so': libmlx4-rdmav22.so: cannot open shared object file: No such file or directory
libibverbs: Warning: couldn't load driver 'libi40iw-rdmav22.so': libi40iw-rdmav22.so: cannot open shared object file: No such file or directory
libibverbs: Warning: couldn't load driver 'libipathverbs-rdmav22.so': libipathverbs-rdmav22.so: cannot open shared object file: No such file or directory
libibverbs: Warning: couldn't load driver 'libi40iw-rdmav22.so': libi40iw-rdmav22.so: cannot open shared object file: No such file or directory
libibverbs: Warning: couldn't load driver 'libhfi1verbs-rdmav22.so': libhfi1verbs-rdmav22.so: cannot open shared object file: No such file or directory
libibverbs: Warning: couldn't load driver 'libhfi1verbs-rdmav22.so': libhfi1verbs-rdmav22.so: cannot open shared object file: No such file or directory
libibverbs: Warning: couldn't load driver 'libhns-rdmav22.so': libhns-rdmav22.so: cannot open shared object file: No such file or directory
libibverbs: Warning: couldn't load driver 'libhfi1verbs-rdmav22.so': libhfi1verbs-rdmav22.so: cannot open shared object file: No such file or directory
libibverbs: Warning: couldn't load driver 'libhfi1verbs-rdmav22.so': libhfi1verbs-rdmav22.so: cannot open shared object file: No such file or directory
libibverbs: Warning: couldn't load driver 'libcxgb4-rdmav22.so': libcxgb4-rdmav22.so: cannot open shared object file: No such file or directory
libibverbs: Warning: couldn't load driver 'libcxgb4-rdmav22.so': libcxgb4-rdmav22.so: cannot open shared object file: No such file or directory
libibverbs: Warning: couldn't load driver 'libhns-rdmav22.so': libhns-rdmav22.so: cannot open shared object file: No such file or directory
libibverbs: Warning: couldn't load driver 'libcxgb3-rdmav22.so': libcxgb3-rdmav22.so: cannot open shared object file: No such file or directory
libibverbs: Warning: couldn't load driver 'libcxgb4-rdmav22.so': libcxgb4-rdmav22.so: cannot open shared object file: No such file or directory
libibverbs: Warning: couldn't load driver 'libbnxt_re-rdmav22.so': libbnxt_re-rdmav22.so: cannot open shared object file: No such file or directory
libibverbs: Warning: couldn't load driver 'libcxgb4-rdmav22.so': libcxgb4-rdmav22.so: cannot open shared object file: No such file or directory
libibverbs: Warning: couldn't load driver 'libcxgb3-rdmav22.so': libcxgb3-rdmav22.so: cannot open shared object file: No such file or directory
libibverbs: Warning: couldn't load driver 'libhfi1verbs-rdmav22.so': libhfi1verbs-rdmav22.so: cannot open shared object file: No such file or directory
libibverbs: Warning: couldn't load driver 'libcxgb3-rdmav22.so': libcxgb3-rdmav22.so: cannot open shared object file: No such file or directory
libibverbs: Warning: couldn't load driver 'libcxgb3-rdmav22.so': libcxgb3-rdmav22.so: cannot open shared object file: No such file or directory
libibverbs: Warning: couldn't load driver 'libcxgb4-rdmav22.so': libcxgb4-rdmav22.so: cannot open shared object file: No such file or directory
libibverbs: Warning: couldn't load driver 'libbnxt_re-rdmav22.so': libbnxt_re-rdmav22.so: cannot open shared object file: No such file or directory
libibverbs: Warning: couldn't load driver 'libbnxt_re-rdmav22.so': libbnxt_re-rdmav22.so: cannot open shared object file: No such file or directory
libibverbs: Warning: couldn't load driver 'libbnxt_re-rdmav22.so': libbnxt_re-rdmav22.so: cannot open shared object file: No such file or directory
libibverbs: Warning: couldn't load driver 'libcxgb3-rdmav22.so': libcxgb3-rdmav22.so: cannot open shared object file: No such file or directory
libibverbs: Warning: couldn't load driver 'libbnxt_re-rdmav22.so': libbnxt_re-rdmav22.so: cannot open shared object file: No such file or directory
libibverbs: Warning: couldn't load driver 'libvmw_pvrdma-rdmav22.so': libvmw_pvrdma-rdmav22.so: cannot open shared object file: No such file or directory
libibverbs: Warning: couldn't load driver 'libvmw_pvrdma-rdmav22.so': libvmw_pvrdma-rdmav22.so: cannot open shared object file: No such file or directory
libibverbs: Warning: couldn't load driver 'libvmw_pvrdma-rdmav22.so': libvmw_pvrdma-rdmav22.so: cannot open shared object file: No such file or directory
libibverbs: Warning: couldn't load driver 'libvmw_pvrdma-rdmav22.so': libvmw_pvrdma-rdmav22.so: cannot open shared object file: No such file or directory
libibverbs: Warning: couldn't load driver 'librxe-rdmav22.so': librxe-rdmav22.so: cannot open shared object file: No such file or directory
libibverbs: Warning: couldn't load driver 'librxe-rdmav22.so': librxe-rdmav22.so: cannot open shared object file: No such file or directory
libibverbs: Warning: couldn't load driver 'librxe-rdmav22.so': librxe-rdmav22.so: cannot open shared object file: No such file or directory
libibverbs: Warning: couldn't load driver 'libqedr-rdmav22.so': libqedr-rdmav22.so: cannot open shared object file: No such file or directory
libibverbs: Warning: couldn't load driver 'librxe-rdmav22.so': librxe-rdmav22.so: cannot open shared object file: No such file or directory
libibverbs: Warning: couldn't load driver 'libqedr-rdmav22.so': libqedr-rdmav22.so: cannot open shared object file: No such file or directory
libibverbs: Warning: couldn't load driver 'libocrdma-rdmav22.so': libocrdma-rdmav22.so: cannot open shared object file: No such file or directory
libibverbs: Warning: couldn't load driver 'libqedr-rdmav22.so': libqedr-rdmav22.so: cannot open shared object file: No such file or directory
libibverbs: Warning: couldn't load driver 'libqedr-rdmav22.so': libqedr-rdmav22.so: cannot open shared object file: No such file or directory
libibverbs: Warning: couldn't load driver 'libnes-rdmav22.so': libnes-rdmav22.so: cannot open shared object file: No such file or directory
libibverbs: Warning: couldn't load driver 'libocrdma-rdmav22.so': libocrdma-rdmav22.so: cannot open shared object file: No such file or directory
libibverbs: Warning: couldn't load driver 'libocrdma-rdmav22.so': libocrdma-rdmav22.so: cannot open shared object file: No such file or directory
libibverbs: Warning: couldn't load driver 'libmthca-rdmav22.so': libmthca-rdmav22.so: cannot open shared object file: No such file or directory
libibverbs: Warning: couldn't load driver 'libocrdma-rdmav22.so': libocrdma-rdmav22.so: cannot open shared object file: No such file or directory
libibverbs: Warning: couldn't load driver 'libnes-rdmav22.so': libnes-rdmav22.so: cannot open shared object file: No such file or directory
libibverbs: Warning: couldn't load driver 'libnes-rdmav22.so': libnes-rdmav22.so: cannot open shared object file: No such file or directory
libibverbs: Warning: couldn't load driver 'libmlx5-rdmav22.so': libmlx5-rdmav22.so: cannot open shared object file: No such file or directory
libibverbs: Warning: couldn't load driver 'libnes-rdmav22.so': libnes-rdmav22.so: cannot open shared object file: No such file or directory
libibverbs: Warning: couldn't load driver 'libmthca-rdmav22.so': libmthca-rdmav22.so: cannot open shared object file: No such file or directory
libibverbs: Warning: couldn't load driver 'libmthca-rdmav22.so': libmthca-rdmav22.so: cannot open shared object file: No such file or directory
libibverbs: Warning: couldn't load driver 'libmlx4-rdmav22.so': libmlx4-rdmav22.so: cannot open shared object file: No such file or directory
libibverbs: Warning: couldn't load driver 'libmthca-rdmav22.so': libmthca-rdmav22.so: cannot open shared object file: No such file or directory
libibverbs: Warning: couldn't load driver 'libmlx5-rdmav22.so': libmlx5-rdmav22.so: cannot open shared object file: No such file or directory
libibverbs: Warning: couldn't load driver 'libmlx5-rdmav22.so': libmlx5-rdmav22.so: cannot open shared object file: No such file or directory
libibverbs: Warning: couldn't load driver 'libipathverbs-rdmav22.so': libipathverbs-rdmav22.so: cannot open shared object file: No such file or directory
libibverbs: Warning: couldn't load driver 'libmlx5-rdmav22.so': libmlx5-rdmav22.so: cannot open shared object file: No such file or directory
libibverbs: Warning: couldn't load driver 'libmlx4-rdmav22.so': libmlx4-rdmav22.so: cannot open shared object file: No such file or directory
libibverbs: Warning: couldn't load driver 'libi40iw-rdmav22.so': libi40iw-rdmav22.so: cannot open shared object file: No such file or directory
libibverbs: Warning: couldn't load driver 'libmlx4-rdmav22.so': libmlx4-rdmav22.so: cannot open shared object file: No such file or directory
libibverbs: Warning: couldn't load driver 'libipathverbs-rdmav22.so': libipathverbs-rdmav22.so: cannot open shared object file: No such file or directory
libibverbs: Warning: couldn't load driver 'libmlx4-rdmav22.so': libmlx4-rdmav22.so: cannot open shared object file: No such file or directory
libibverbs: Warning: couldn't load driver 'libipathverbs-rdmav22.so': libipathverbs-rdmav22.so: cannot open shared object file: No such file or directory
libibverbs: Warning: couldn't load driver 'libhns-rdmav22.so': libhns-rdmav22.so: cannot open shared object file: No such file or directory
libibverbs: Warning: couldn't load driver 'libipathverbs-rdmav22.so': libipathverbs-rdmav22.so: cannot open shared object file: No such file or directory
libibverbs: Warning: couldn't load driver 'libi40iw-rdmav22.so': libi40iw-rdmav22.so: cannot open shared object file: No such file or directory
libibverbs: Warning: couldn't load driver 'libhfi1verbs-rdmav22.so': libhfi1verbs-rdmav22.so: cannot open shared object file: No such file or directory
libibverbs: Warning: couldn't load driver 'libi40iw-rdmav22.so': libi40iw-rdmav22.so: cannot open shared object file: No such file or directory
libibverbs: Warning: couldn't load driver 'libhns-rdmav22.so': libhns-rdmav22.so: cannot open shared object file: No such file or directory
libibverbs: Warning: couldn't load driver 'libi40iw-rdmav22.so': libi40iw-rdmav22.so: cannot open shared object file: No such file or directory
libibverbs: Warning: couldn't load driver 'libhns-rdmav22.so': libhns-rdmav22.so: cannot open shared object file: No such file or directory
libibverbs: Warning: couldn't load driver 'libcxgb4-rdmav22.so': libcxgb4-rdmav22.so: cannot open shared object file: No such file or directory
libibverbs: Warning: couldn't load driver 'libhns-rdmav22.so': libhns-rdmav22.so: cannot open shared object file: No such file or directory
libibverbs: Warning: couldn't load driver 'libhfi1verbs-rdmav22.so': libhfi1verbs-rdmav22.so: cannot open shared object file: No such file or directory
libibverbs: Warning: couldn't load driver 'libcxgb3-rdmav22.so': libcxgb3-rdmav22.so: cannot open shared object file: No such file or directory
libibverbs: Warning: couldn't load driver 'libhfi1verbs-rdmav22.so': libhfi1verbs-rdmav22.so: cannot open shared object file: No such file or directory
libibverbs: Warning: couldn't load driver 'libcxgb4-rdmav22.so': libcxgb4-rdmav22.so: cannot open shared object file: No such file or directory
libibverbs: Warning: couldn't load driver 'libhfi1verbs-rdmav22.so': libhfi1verbs-rdmav22.so: cannot open shared object file: No such file or directory
libibverbs: Warning: couldn't load driver 'libbnxt_re-rdmav22.so': libbnxt_re-rdmav22.so: cannot open shared object file: No such file or directory
libibverbs: Warning: couldn't load driver 'libcxgb4-rdmav22.so': libcxgb4-rdmav22.so: cannot open shared object file: No such file or directory
libibverbs: Warning: couldn't load driver 'libcxgb4-rdmav22.so': libcxgb4-rdmav22.so: cannot open shared object file: No such file or directory
libibverbs: Warning: couldn't load driver 'libcxgb3-rdmav22.so': libcxgb3-rdmav22.so: cannot open shared object file: No such file or directory
libibverbs: Warning: couldn't load driver 'libcxgb3-rdmav22.so': libcxgb3-rdmav22.so: cannot open shared object file: No such file or directory
libibverbs: Warning: couldn't load driver 'libcxgb3-rdmav22.so': libcxgb3-rdmav22.so: cannot open shared object file: No such file or directory
libibverbs: Warning: couldn't load driver 'libbnxt_re-rdmav22.so': libbnxt_re-rdmav22.so: cannot open shared object file: No such file or directory
libibverbs: Warning: couldn't load driver 'libbnxt_re-rdmav22.so': libbnxt_re-rdmav22.so: cannot open shared object file: No such file or directory
libibverbs: Warning: couldn't load driver 'libbnxt_re-rdmav22.so': libbnxt_re-rdmav22.so: cannot open shared object file: No such file or directory
libibverbs: Warning: couldn't load driver 'libvmw_pvrdma-rdmav22.so': libvmw_pvrdma-rdmav22.so: cannot open shared object file: No such file or directory
libibverbs: Warning: couldn't load driver 'librxe-rdmav22.so': librxe-rdmav22.so: cannot open shared object file: No such file or directory
libibverbs: Warning: couldn't load driver 'libqedr-rdmav22.so': libqedr-rdmav22.so: cannot open shared object file: No such file or directory
libibverbs: Warning: couldn't load driver 'libocrdma-rdmav22.so': libocrdma-rdmav22.so: cannot open shared object file: No such file or directory
libibverbs: Warning: couldn't load driver 'libnes-rdmav22.so': libnes-rdmav22.so: cannot open shared object file: No such file or directory
libibverbs: Warning: couldn't load driver 'libmthca-rdmav22.so': libmthca-rdmav22.so: cannot open shared object file: No such file or directory
libibverbs: Warning: couldn't load driver 'libmlx5-rdmav22.so': libmlx5-rdmav22.so: cannot open shared object file: No such file or directory
libibverbs: Warning: couldn't load driver 'libmlx4-rdmav22.so': libmlx4-rdmav22.so: cannot open shared object file: No such file or directory
libibverbs: Warning: couldn't load driver 'libipathverbs-rdmav22.so': libipathverbs-rdmav22.so: cannot open shared object file: No such file or directory
libibverbs: Warning: couldn't load driver 'libi40iw-rdmav22.so': libi40iw-rdmav22.so: cannot open shared object file: No such file or directory
libibverbs: Warning: couldn't load driver 'libhns-rdmav22.so': libhns-rdmav22.so: cannot open shared object file: No such file or directory
libibverbs: Warning: couldn't load driver 'libhfi1verbs-rdmav22.so': libhfi1verbs-rdmav22.so: cannot open shared object file: No such file or directory
libibverbs: Warning: couldn't load driver 'libcxgb4-rdmav22.so': libcxgb4-rdmav22.so: cannot open shared object file: No such file or directory
libibverbs: Warning: couldn't load driver 'libcxgb3-rdmav22.so': libcxgb3-rdmav22.so: cannot open shared object file: No such file or directory
libibverbs: Warning: couldn't load driver 'libbnxt_re-rdmav22.so': libbnxt_re-rdmav22.so: cannot open shared object file: No such file or directory
WARNING:tensorflow:Callback method `on_train_batch_end` is slow compared to the batch time (batch time: 0.5713s vs `on_train_batch_end` time: 0.7024s). Check your callbacks.
WARNING:tensorflow:Callback method `on_train_batch_end` is slow compared to the batch time (batch time: 0.5713s vs `on_train_batch_end` time: 0.7024s). Check your callbacks.
WARNING:tensorflow:Callback method `on_train_batch_end` is slow compared to the batch time (batch time: 0.5695s vs `on_train_batch_end` time: 0.7037s). Check your callbacks.
WARNING:tensorflow:Callback method `on_train_batch_end` is slow compared to the batch time (batch time: 0.5695s vs `on_train_batch_end` time: 0.7037s). Check your callbacks.
WARNING:tensorflow:Callback method `on_train_batch_end` is slow compared to the batch time (batch time: 0.5699s vs `on_train_batch_end` time: 0.7031s). Check your callbacks.
WARNING:tensorflow:Callback method `on_train_batch_end` is slow compared to the batch time (batch time: 0.5699s vs `on_train_batch_end` time: 0.7031s). Check your callbacks.
WARNING:tensorflow:Callback method `on_train_batch_end` is slow compared to the batch time (batch time: 0.5711s vs `on_train_batch_end` time: 0.7020s). Check your callbacks.
WARNING:tensorflow:Callback method `on_train_batch_end` is slow compared to the batch time (batch time: 0.5711s vs `on_train_batch_end` time: 0.7020s). Check your callbacks.
WARNING:tensorflow:Callback method `on_train_batch_end` is slow compared to the batch time (batch time: 0.5725s vs `on_train_batch_end` time: 0.6961s). Check your callbacks.
WARNING:tensorflow:Callback method `on_train_batch_end` is slow compared to the batch time (batch time: 0.5725s vs `on_train_batch_end` time: 0.6961s). Check your callbacks.
WARNING:tensorflow:Callback method `on_train_batch_end` is slow compared to the batch time (batch time: 0.5688s vs `on_train_batch_end` time: 0.7039s). Check your callbacks.
WARNING:tensorflow:Callback method `on_train_batch_end` is slow compared to the batch time (batch time: 0.5688s vs `on_train_batch_end` time: 0.7039s). Check your callbacks.
WARNING:tensorflow:Callback method `on_train_batch_end` is slow compared to the batch time (batch time: 0.5614s vs `on_train_batch_end` time: 0.7044s). Check your callbacks.
WARNING:tensorflow:Callback method `on_train_batch_end` is slow compared to the batch time (batch time: 0.5614s vs `on_train_batch_end` time: 0.7044s). Check your callbacks.
WARNING:tensorflow:Callback method `on_train_batch_end` is slow compared to the batch time (batch time: 0.5750s vs `on_train_batch_end` time: 0.6974s). Check your callbacks.
WARNING:tensorflow:Callback method `on_train_batch_end` is slow compared to the batch time (batch time: 0.5750s vs `on_train_batch_end` time: 0.6974s). Check your callbacks.
WARNING:tensorflow:Callback method `on_train_batch_end` is slow compared to the batch time (batch time: 0.5713s vs `on_train_batch_end` time: 0.7024s). Check your callbacks.
WARNING:tensorflow:Callback method `on_train_batch_end` is slow compared to the batch time (batch time: 0.5713s vs `on_train_batch_end` time: 0.7024s). Check your callbacks.
WARNING:tensorflow:Callback method `on_train_batch_end` is slow compared to the batch time (batch time: 0.5740s vs `on_train_batch_end` time: 0.7012s). Check your callbacks.
WARNING:tensorflow:Callback method `on_train_batch_end` is slow compared to the batch time (batch time: 0.5740s vs `on_train_batch_end` time: 0.7012s). Check your callbacks.
WARNING:tensorflow:Callback method `on_train_batch_end` is slow compared to the batch time (batch time: 0.5744s vs `on_train_batch_end` time: 0.6987s). Check your callbacks.
WARNING:tensorflow:Callback method `on_train_batch_end` is slow compared to the batch time (batch time: 0.5744s vs `on_train_batch_end` time: 0.6987s). Check your callbacks.
WARNING:tensorflow:Callback method `on_train_batch_end` is slow compared to the batch time (batch time: 0.5723s vs `on_train_batch_end` time: 0.7020s). Check your callbacks.
WARNING:tensorflow:Callback method `on_train_batch_end` is slow compared to the batch time (batch time: 0.5723s vs `on_train_batch_end` time: 0.7020s). Check your callbacks.
WARNING:tensorflow:Callback method `on_train_batch_end` is slow compared to the batch time (batch time: 0.5764s vs `on_train_batch_end` time: 0.7035s). Check your callbacks.
WARNING:tensorflow:Callback method `on_train_batch_end` is slow compared to the batch time (batch time: 0.5764s vs `on_train_batch_end` time: 0.7035s). Check your callbacks.
WARNING:tensorflow:Callback method `on_train_batch_end` is slow compared to the batch time (batch time: 0.5830s vs `on_train_batch_end` time: 0.7010s). Check your callbacks.
WARNING:tensorflow:Callback method `on_train_batch_end` is slow compared to the batch time (batch time: 0.5830s vs `on_train_batch_end` time: 0.7010s). Check your callbacks.
WARNING:tensorflow:Callback method `on_train_batch_end` is slow compared to the batch time (batch time: 0.5836s vs `on_train_batch_end` time: 0.6984s). Check your callbacks.
WARNING:tensorflow:Callback method `on_train_batch_end` is slow compared to the batch time (batch time: 0.5836s vs `on_train_batch_end` time: 0.6984s). Check your callbacks.
WARNING:tensorflow:Callback method `on_train_batch_end` is slow compared to the batch time (batch time: 0.5857s vs `on_train_batch_end` time: 0.6994s). Check your callbacks.
WARNING:tensorflow:Callback method `on_train_batch_end` is slow compared to the batch time (batch time: 0.5857s vs `on_train_batch_end` time: 0.6994s). Check your callbacks.
WARNING:absl:Found untraced functions such as message_building_layer_lsh_layer_call_fn, message_building_layer_lsh_layer_call_and_return_conditional_losses, message_building_layer_lsh_1_layer_call_fn, message_building_layer_lsh_1_layer_call_and_return_conditional_losses, message_building_layer_lsh_2_layer_call_fn while saving (showing 5 of 90). These functions will not be directly callable after loading.
INFO:tensorflow:Assets written to: experiments/4NodeA100delphes_20220512_182502_904341.workergpu002/model_full/assets
INFO:tensorflow:Assets written to: experiments/4NodeA100delphes_20220512_182502_904341.workergpu002/model_full/assets
