mkdir: cannot create directory ‘/mnt/ceph/users/larssorl/tmp/particleflow’: File exists
mkdir: cannot create directory ‘experiments’: File exists
WARNING:tensorflow:From /mnt/ceph/users/larssorl/tmp/particleflow/mlpf/tfmodel/utils.py:414: choose_from_datasets_v2 (from tensorflow.python.data.experimental.ops.interleave_ops) is deprecated and will be removed in a future version.
Instructions for updating:
Use `tf.data.Dataset.choose_from_datasets(...)` instead. Note that, unlike the experimental endpoint, the non-experimental endpoint sets `stop_on_empty_dataset=True` by default. You should set this argument explicitly in case you would like to match the behavior of the experimental endpoint.
WARNING:tensorflow:From /mnt/ceph/users/larssorl/tmp/particleflow/mlpf/tfmodel/utils.py:414: choose_from_datasets_v2 (from tensorflow.python.data.experimental.ops.interleave_ops) is deprecated and will be removed in a future version.
Instructions for updating:
Use `tf.data.Dataset.choose_from_datasets(...)` instead. Note that, unlike the experimental endpoint, the non-experimental endpoint sets `stop_on_empty_dataset=True` by default. You should set this argument explicitly in case you would like to match the behavior of the experimental endpoint.
WARNING:tensorflow:From /mnt/ceph/users/larssorl/tmp/particleflow/mlpf/tfmodel/utils.py:414: choose_from_datasets_v2 (from tensorflow.python.data.experimental.ops.interleave_ops) is deprecated and will be removed in a future version.
Instructions for updating:
Use `tf.data.Dataset.choose_from_datasets(...)` instead. Note that, unlike the experimental endpoint, the non-experimental endpoint sets `stop_on_empty_dataset=True` by default. You should set this argument explicitly in case you would like to match the behavior of the experimental endpoint.
WARNING:tensorflow:From /mnt/ceph/users/larssorl/tmp/particleflow/mlpf/tfmodel/utils.py:414: choose_from_datasets_v2 (from tensorflow.python.data.experimental.ops.interleave_ops) is deprecated and will be removed in a future version.
Instructions for updating:
Use `tf.data.Dataset.choose_from_datasets(...)` instead. Note that, unlike the experimental endpoint, the non-experimental endpoint sets `stop_on_empty_dataset=True` by default. You should set this argument explicitly in case you would like to match the behavior of the experimental endpoint.
WARNING:tensorflow:From /mnt/ceph/users/larssorl/tmp/particleflow/mlpf/tfmodel/utils.py:414: choose_from_datasets_v2 (from tensorflow.python.data.experimental.ops.interleave_ops) is deprecated and will be removed in a future version.
Instructions for updating:
Use `tf.data.Dataset.choose_from_datasets(...)` instead. Note that, unlike the experimental endpoint, the non-experimental endpoint sets `stop_on_empty_dataset=True` by default. You should set this argument explicitly in case you would like to match the behavior of the experimental endpoint.
WARNING:tensorflow:From /mnt/ceph/users/larssorl/tmp/particleflow/mlpf/tfmodel/utils.py:414: choose_from_datasets_v2 (from tensorflow.python.data.experimental.ops.interleave_ops) is deprecated and will be removed in a future version.
Instructions for updating:
Use `tf.data.Dataset.choose_from_datasets(...)` instead. Note that, unlike the experimental endpoint, the non-experimental endpoint sets `stop_on_empty_dataset=True` by default. You should set this argument explicitly in case you would like to match the behavior of the experimental endpoint.
WARNING:tensorflow:From /mnt/ceph/users/larssorl/tmp/particleflow/mlpf/tfmodel/utils.py:414: choose_from_datasets_v2 (from tensorflow.python.data.experimental.ops.interleave_ops) is deprecated and will be removed in a future version.
Instructions for updating:
Use `tf.data.Dataset.choose_from_datasets(...)` instead. Note that, unlike the experimental endpoint, the non-experimental endpoint sets `stop_on_empty_dataset=True` by default. You should set this argument explicitly in case you would like to match the behavior of the experimental endpoint.
WARNING:tensorflow:From /mnt/ceph/users/larssorl/tmp/particleflow/mlpf/tfmodel/utils.py:414: choose_from_datasets_v2 (from tensorflow.python.data.experimental.ops.interleave_ops) is deprecated and will be removed in a future version.
Instructions for updating:
Use `tf.data.Dataset.choose_from_datasets(...)` instead. Note that, unlike the experimental endpoint, the non-experimental endpoint sets `stop_on_empty_dataset=True` by default. You should set this argument explicitly in case you would like to match the behavior of the experimental endpoint.
libibverbs: Warning: couldn't load driver 'libvmw_pvrdma-rdmav22.so': libvmw_pvrdma-rdmav22.so: cannot open shared object file: No such file or directory
libibverbs: Warning: couldn't load driver 'librxe-rdmav22.so': librxe-rdmav22.so: cannot open shared object file: No such file or directory
libibverbs: Warning: couldn't load driver 'libqedr-rdmav22.so': libqedr-rdmav22.so: cannot open shared object file: No such file or directory
libibverbs: Warning: couldn't load driver 'libocrdma-rdmav22.so': libocrdma-rdmav22.so: cannot open shared object file: No such file or directory
libibverbs: Warning: couldn't load driver 'libnes-rdmav22.so': libnes-rdmav22.so: cannot open shared object file: No such file or directory
libibverbs: Warning: couldn't load driver 'libmthca-rdmav22.so': libmthca-rdmav22.so: cannot open shared object file: No such file or directory
libibverbs: Warning: couldn't load driver 'libmlx5-rdmav22.so': libmlx5-rdmav22.so: cannot open shared object file: No such file or directory
libibverbs: Warning: couldn't load driver 'libmlx4-rdmav22.so': libmlx4-rdmav22.so: cannot open shared object file: No such file or directory
libibverbs: Warning: couldn't load driver 'libipathverbs-rdmav22.so': libipathverbs-rdmav22.so: cannot open shared object file: No such file or directory
libibverbs: Warning: couldn't load driver 'libi40iw-rdmav22.so': libi40iw-rdmav22.so: cannot open shared object file: No such file or directory
libibverbs: Warning: couldn't load driver 'libhns-rdmav22.so': libhns-rdmav22.so: cannot open shared object file: No such file or directory
libibverbs: Warning: couldn't load driver 'libhfi1verbs-rdmav22.so': libhfi1verbs-rdmav22.so: cannot open shared object file: No such file or directory
libibverbs: Warning: couldn't load driver 'libcxgb4-rdmav22.so': libcxgb4-rdmav22.so: cannot open shared object file: No such file or directory
libibverbs: Warning: couldn't load driver 'libcxgb3-rdmav22.so': libcxgb3-rdmav22.so: cannot open shared object file: No such file or directory
libibverbs: Warning: couldn't load driver 'libbnxt_re-rdmav22.so': libbnxt_re-rdmav22.so: cannot open shared object file: No such file or directory
libibverbs: Warning: couldn't load driver 'libvmw_pvrdma-rdmav22.so': libvmw_pvrdma-rdmav22.so: cannot open shared object file: No such file or directory
libibverbs: Warning: couldn't load driver 'librxe-rdmav22.so': librxe-rdmav22.so: cannot open shared object file: No such file or directory
libibverbs: Warning: couldn't load driver 'libqedr-rdmav22.so': libqedr-rdmav22.so: cannot open shared object file: No such file or directory
libibverbs: Warning: couldn't load driver 'libocrdma-rdmav22.so': libocrdma-rdmav22.so: cannot open shared object file: No such file or directory
libibverbs: Warning: couldn't load driver 'libnes-rdmav22.so': libnes-rdmav22.so: cannot open shared object file: No such file or directory
libibverbs: Warning: couldn't load driver 'libvmw_pvrdma-rdmav22.so': libvmw_pvrdma-rdmav22.so: cannot open shared object file: No such file or directory
libibverbs: Warning: couldn't load driver 'libmthca-rdmav22.so': libmthca-rdmav22.so: cannot open shared object file: No such file or directory
libibverbs: Warning: couldn't load driver 'librxe-rdmav22.so': librxe-rdmav22.so: cannot open shared object file: No such file or directory
libibverbs: Warning: couldn't load driver 'libmlx5-rdmav22.so': libmlx5-rdmav22.so: cannot open shared object file: No such file or directory
libibverbs: Warning: couldn't load driver 'libqedr-rdmav22.so': libqedr-rdmav22.so: cannot open shared object file: No such file or directory
libibverbs: Warning: couldn't load driver 'libmlx4-rdmav22.so': libmlx4-rdmav22.so: cannot open shared object file: No such file or directory
libibverbs: Warning: couldn't load driver 'libipathverbs-rdmav22.so': libipathverbs-rdmav22.so: cannot open shared object file: No such file or directory
libibverbs: Warning: couldn't load driver 'libocrdma-rdmav22.so': libocrdma-rdmav22.so: cannot open shared object file: No such file or directory
libibverbs: Warning: couldn't load driver 'libi40iw-rdmav22.so': libi40iw-rdmav22.so: cannot open shared object file: No such file or directory
libibverbs: Warning: couldn't load driver 'libnes-rdmav22.so': libnes-rdmav22.so: cannot open shared object file: No such file or directory
libibverbs: Warning: couldn't load driver 'libhns-rdmav22.so': libhns-rdmav22.so: cannot open shared object file: No such file or directory
libibverbs: Warning: couldn't load driver 'libhfi1verbs-rdmav22.so': libhfi1verbs-rdmav22.so: cannot open shared object file: No such file or directory
libibverbs: Warning: couldn't load driver 'libmthca-rdmav22.so': libmthca-rdmav22.so: cannot open shared object file: No such file or directory
libibverbs: Warning: couldn't load driver 'libcxgb4-rdmav22.so': libcxgb4-rdmav22.so: cannot open shared object file: No such file or directory
libibverbs: Warning: couldn't load driver 'libcxgb3-rdmav22.so': libcxgb3-rdmav22.so: cannot open shared object file: No such file or directory
libibverbs: Warning: couldn't load driver 'libmlx5-rdmav22.so': libmlx5-rdmav22.so: cannot open shared object file: No such file or directory
libibverbs: Warning: couldn't load driver 'libbnxt_re-rdmav22.so': libbnxt_re-rdmav22.so: cannot open shared object file: No such file or directory
libibverbs: Warning: couldn't load driver 'libmlx4-rdmav22.so': libmlx4-rdmav22.so: cannot open shared object file: No such file or directory
libibverbs: Warning: couldn't load driver 'libipathverbs-rdmav22.so': libipathverbs-rdmav22.so: cannot open shared object file: No such file or directory
libibverbs: Warning: couldn't load driver 'libi40iw-rdmav22.so': libi40iw-rdmav22.so: cannot open shared object file: No such file or directory
libibverbs: Warning: couldn't load driver 'libhns-rdmav22.so': libhns-rdmav22.so: cannot open shared object file: No such file or directory
libibverbs: Warning: couldn't load driver 'libhfi1verbs-rdmav22.so': libhfi1verbs-rdmav22.so: cannot open shared object file: No such file or directory
libibverbs: Warning: couldn't load driver 'libcxgb4-rdmav22.so': libcxgb4-rdmav22.so: cannot open shared object file: No such file or directory
libibverbs: Warning: couldn't load driver 'libvmw_pvrdma-rdmav22.so': libvmw_pvrdma-rdmav22.so: cannot open shared object file: No such file or directory
libibverbs: Warning: couldn't load driver 'libcxgb3-rdmav22.so': libcxgb3-rdmav22.so: cannot open shared object file: No such file or directory
libibverbs: Warning: couldn't load driver 'libbnxt_re-rdmav22.so': libbnxt_re-rdmav22.so: cannot open shared object file: No such file or directory
libibverbs: Warning: couldn't load driver 'librxe-rdmav22.so': librxe-rdmav22.so: cannot open shared object file: No such file or directory
libibverbs: Warning: couldn't load driver 'libqedr-rdmav22.so': libqedr-rdmav22.so: cannot open shared object file: No such file or directory
libibverbs: Warning: couldn't load driver 'libocrdma-rdmav22.so': libocrdma-rdmav22.so: cannot open shared object file: No such file or directory
libibverbs: Warning: couldn't load driver 'libnes-rdmav22.so': libnes-rdmav22.so: cannot open shared object file: No such file or directory
libibverbs: Warning: couldn't load driver 'libmthca-rdmav22.so': libmthca-rdmav22.so: cannot open shared object file: No such file or directory
libibverbs: Warning: couldn't load driver 'libmlx5-rdmav22.so': libmlx5-rdmav22.so: cannot open shared object file: No such file or directory
libibverbs: Warning: couldn't load driver 'libmlx4-rdmav22.so': libmlx4-rdmav22.so: cannot open shared object file: No such file or directory
libibverbs: Warning: couldn't load driver 'libipathverbs-rdmav22.so': libipathverbs-rdmav22.so: cannot open shared object file: No such file or directory
libibverbs: Warning: couldn't load driver 'libi40iw-rdmav22.so': libi40iw-rdmav22.so: cannot open shared object file: No such file or directory
libibverbs: Warning: couldn't load driver 'libhns-rdmav22.so': libhns-rdmav22.so: cannot open shared object file: No such file or directory
libibverbs: Warning: couldn't load driver 'libhfi1verbs-rdmav22.so': libhfi1verbs-rdmav22.so: cannot open shared object file: No such file or directory
libibverbs: Warning: couldn't load driver 'libcxgb4-rdmav22.so': libcxgb4-rdmav22.so: cannot open shared object file: No such file or directory
libibverbs: Warning: couldn't load driver 'libcxgb3-rdmav22.so': libcxgb3-rdmav22.so: cannot open shared object file: No such file or directory
libibverbs: Warning: couldn't load driver 'libbnxt_re-rdmav22.so': libbnxt_re-rdmav22.so: cannot open shared object file: No such file or directory
WARNING:tensorflow:Callback method `on_train_batch_end` is slow compared to the batch time (batch time: 0.4446s vs `on_train_batch_end` time: 0.5209s). Check your callbacks.
WARNING:tensorflow:Callback method `on_train_batch_end` is slow compared to the batch time (batch time: 0.4446s vs `on_train_batch_end` time: 0.5209s). Check your callbacks.
WARNING:tensorflow:Callback method `on_train_batch_end` is slow compared to the batch time (batch time: 0.4444s vs `on_train_batch_end` time: 0.5241s). Check your callbacks.
WARNING:tensorflow:Callback method `on_train_batch_end` is slow compared to the batch time (batch time: 0.4444s vs `on_train_batch_end` time: 0.5241s). Check your callbacks.
WARNING:tensorflow:Callback method `on_train_batch_end` is slow compared to the batch time (batch time: 0.4428s vs `on_train_batch_end` time: 0.5242s). Check your callbacks.
WARNING:tensorflow:Callback method `on_train_batch_end` is slow compared to the batch time (batch time: 0.4428s vs `on_train_batch_end` time: 0.5242s). Check your callbacks.
WARNING:tensorflow:Callback method `on_train_batch_end` is slow compared to the batch time (batch time: 0.4469s vs `on_train_batch_end` time: 0.5262s). Check your callbacks.
WARNING:tensorflow:Callback method `on_train_batch_end` is slow compared to the batch time (batch time: 0.4469s vs `on_train_batch_end` time: 0.5262s). Check your callbacks.
WARNING:absl:Found untraced functions such as message_building_layer_lsh_layer_call_fn, message_building_layer_lsh_layer_call_and_return_conditional_losses, message_building_layer_lsh_1_layer_call_fn, message_building_layer_lsh_1_layer_call_and_return_conditional_losses, message_building_layer_lsh_2_layer_call_fn while saving (showing 5 of 90). These functions will not be directly callable after loading.
INFO:tensorflow:Assets written to: experiments/1NodeA100delphes_20220512_174802_213305.workergpu004/model_full/assets
INFO:tensorflow:Assets written to: experiments/1NodeA100delphes_20220512_174802_213305.workergpu004/model_full/assets
